


ARM Macro Assembler    Page 1 


    1 00000000                 AREA             Program, CODE, READONLY
    2 00000000                 ENTRY
    3 00000000 E3A01038 
                       Main    mov              r1,#0x38
    4 00000004 E3A02080        mov              r2,#0x80
    5 00000008 E1510002        cmp              r1,r2
    6 0000000C 8A000000        bhi              jump
    7 00000010 E1A01002        mov              r1,r2
    8 00000014 E1A01003 
                       jump    mov              r1,r3
    9 00000018         
   10 00000018                 end
Command Line: --debug --xref --diag_suppress=9931 --apcs=interwork --depend=.\o
bjects\t1.d -o.\objects\t1.o -IC:\Keil_v5\ARM\RV31\INC -IC:\Keil_v5\ARM\CMSIS\I
nclude -IC:\Keil_v5\ARM\INC\Philips --predefine="__EVAL SETA 1" --predefine="__
UVISION_VERSION SETA 527" --list=.\listings\t1.lst t1.asm



ARM Macro Assembler    Page 1 Alphabetic symbol ordering
Relocatable symbols

Main 00000000

Symbol: Main
   Definitions
      At line 3 in file t1.asm
   Uses
      None
Comment: Main unused
Program 00000000

Symbol: Program
   Definitions
      At line 1 in file t1.asm
   Uses
      None
Comment: Program unused
jump 00000014

Symbol: jump
   Definitions
      At line 8 in file t1.asm
   Uses
      At line 6 in file t1.asm
Comment: jump used once
3 symbols
335 symbols in table
